  MyForm.cpp
c:\users\bar\source\repos\asherproject2\asherproject\MyForm.h(456): warning C4244: 'argument': conversion from 'double' to 'int', possible loss of data
c:\users\bar\source\repos\asherproject2\asherproject\MyForm.h(460): warning C4267: 'argument': conversion from 'size_t' to 'int', possible loss of data
c:\users\bar\source\repos\asherproject2\asherproject\MyForm.h(478): warning C4244: 'argument': conversion from 'double' to 'int', possible loss of data
c:\users\bar\source\repos\asherproject2\asherproject\MyForm.h(479): warning C4244: 'argument': conversion from 'double' to 'int', possible loss of data
c:\users\bar\source\repos\asherproject2\asherproject\MyForm.h(533): warning C4267: 'argument': conversion from 'size_t' to 'int', possible loss of data
c:\users\bar\source\repos\asherproject2\asherproject\MyForm.h(538): warning C4267: 'argument': conversion from 'size_t' to 'int', possible loss of data
c:\users\bar\source\repos\asherproject2\asherproject\MyForm.h(566): warning C4244: 'argument': conversion from 'int' to 'float', possible loss of data
c:\users\bar\source\repos\asherproject2\asherproject\MyForm.h(567): warning C4244: 'argument': conversion from 'int' to 'float', possible loss of data
c:\users\bar\source\repos\asherproject2\asherproject\MyForm.h(586): warning C4244: 'argument': conversion from 'int' to 'float', possible loss of data
c:\users\bar\source\repos\asherproject2\asherproject\MyForm.h(587): warning C4244: 'argument': conversion from 'int' to 'float', possible loss of data
c:\opencv-3.3.0\build\include\opencv2\core\cvstd.hpp(575): warning C4793: 'cv::String::String': function compiled as native:
  	Found an intrinsic not supported in managed code
c:\opencv-3.3.0\build\include\opencv2\core\cuda.inl.hpp(105): warning C4793: 'cv::cuda::GpuMat::GpuMat': function compiled as native:
  	Found an intrinsic not supported in managed code
c:\opencv-3.3.0\build\include\opencv2\core\cuda.inl.hpp(395): warning C4793: 'cv::cuda::HostMem::HostMem': function compiled as native:
  	Found an intrinsic not supported in managed code
c:\opencv-3.3.0\build\include\opencv2\core\mat.inl.hpp(482): warning C4793: 'cv::Mat::Mat': function compiled as native:
  	Found an intrinsic not supported in managed code
c:\opencv-3.3.0\build\include\opencv2\core\fast_math.hpp(193): warning C4793: '`anonymous namespace'::cvRound': function compiled as native:
  	Found an intrinsic not supported in managed code
c:\opencv-3.3.0\build\include\opencv2\core\fast_math.hpp(194): warning C4793: '`anonymous namespace'::cvRound': function compiled as native:
  	Found an intrinsic not supported in managed code
c:\opencv-3.3.0\build\include\opencv2\core\mat.inl.hpp(803): warning C4793: 'cv::Mat::release': function compiled as native:
  	Found an intrinsic not supported in managed code
c:\opencv-3.3.0\build\include\opencv2\core\mat.inl.hpp(2118): warning C4793: 'cv::SparseMat::addref': function compiled as native:
  	Found an intrinsic not supported in managed code
c:\opencv-3.3.0\build\include\opencv2\core\mat.inl.hpp(3718): warning C4793: 'cv::UMat::addref': function compiled as native:
  	Found an intrinsic not supported in managed code
c:\opencv-3.3.0\build\include\opencv2\core\ptr.inl.hpp(67): warning C4793: 'cv::detail::PtrOwner::incRef': function compiled as native:
  	Found an intrinsic not supported in managed code
c:\opencv-3.3.0\build\include\opencv2\core\ptr.inl.hpp(72): warning C4793: 'cv::detail::PtrOwner::decRef': function compiled as native:
  	Found an intrinsic not supported in managed code
c:\opencv-3.3.0\build\include\opencv2\core\mat.inl.hpp(701): warning C4793: 'cv::Mat::operator=': function compiled as native:
  	Found an intrinsic not supported in managed code
  .NETFramework,Version=v4.6.1.AssemblyAttributes.cpp
  AsherProject.vcxproj -> C:\Users\bar\Source\Repos\AsherProject2\x64\Debug\AsherProject.exe
